{"numTotalTestSuites":8,"numPassedTestSuites":8,"numFailedTestSuites":0,"numPendingTestSuites":0,"numTotalTests":57,"numPassedTests":57,"numFailedTests":0,"numPendingTests":0,"numTodoTests":0,"snapshot":{"added":0,"failure":false,"filesAdded":0,"filesRemoved":0,"filesRemovedList":[],"filesUnmatched":0,"filesUpdated":0,"matched":0,"total":0,"unchecked":0,"uncheckedKeysByFile":[],"unmatched":0,"updated":0,"didUpdate":false},"startTime":1773646128203,"success":true,"testResults":[{"assertionResults":[{"ancestorTitles":[],"fullName":"GET /activity-log - admin sees activity log entries","status":"passed","title":"GET /activity-log - admin sees activity log entries","duration":4442.9332,"failureMessages":[],"meta":{},"tags":[]},{"ancestorTitles":[],"fullName":"GET /activity-log - engineer is forbidden (403)","status":"passed","title":"GET /activity-log - engineer is forbidden (403)","duration":6735.6425,"failureMessages":[],"meta":{},"tags":[]},{"ancestorTitles":[],"fullName":"GET /activity-log - customer is forbidden (403)","status":"passed","title":"GET /activity-log - customer is forbidden (403)","duration":5339.759399999999,"failureMessages":[],"meta":{},"tags":[]},{"ancestorTitles":[],"fullName":"GET /activity-log - unauthenticated returns 401","status":"passed","title":"GET /activity-log - unauthenticated returns 401","duration":5181.6067,"failureMessages":[],"meta":{},"tags":[]}],"startTime":1773646377340,"endTime":1773646399040.6067,"status":"passed","message":"","name":"D:/Hackathon web app/server/src/__tests__/activityLog.test.ts"},{"assertionResults":[{"ancestorTitles":[],"fullName":"POST /auth/login - valid credentials returns accessToken and user","status":"passed","title":"POST /auth/login - valid credentials returns accessToken and user","duration":2535.2436,"failureMessages":[],"meta":{},"tags":[]},{"ancestorTitles":[],"fullName":"POST /auth/login - wrong password returns 401","status":"passed","title":"POST /auth/login - wrong password returns 401","duration":2369.8252999999995,"failureMessages":[],"meta":{},"tags":[]},{"ancestorTitles":[],"fullName":"POST /auth/login - non-existent email returns 401","status":"passed","title":"POST /auth/login - non-existent email returns 401","duration":1996.7035000000014,"failureMessages":[],"meta":{},"tags":[]},{"ancestorTitles":[],"fullName":"GET /auth/me - valid token returns user","status":"passed","title":"GET /auth/me - valid token returns user","duration":2926.7909,"failureMessages":[],"meta":{},"tags":[]},{"ancestorTitles":[],"fullName":"GET /auth/me - no token returns 401","status":"passed","title":"GET /auth/me - no token returns 401","duration":1485.1117000000013,"failureMessages":[],"meta":{},"tags":[]},{"ancestorTitles":[],"fullName":"POST /auth/refresh - valid cookie returns new accessToken","status":"passed","title":"POST /auth/refresh - valid cookie returns new accessToken","duration":3007.667599999999,"failureMessages":[],"meta":{},"tags":[]},{"ancestorTitles":[],"fullName":"POST /auth/logout - clears the refresh token cookie","status":"passed","title":"POST /auth/logout - clears the refresh token cookie","duration":3304.1700999999994,"failureMessages":[],"meta":{},"tags":[]}],"startTime":1773646356637,"endTime":1773646374267.1702,"status":"passed","message":"","name":"D:/Hackathon web app/server/src/__tests__/auth.test.ts"},{"assertionResults":[{"ancestorTitles":[],"fullName":"GET /daily-logs - admin sees all logs","status":"passed","title":"GET /daily-logs - admin sees all logs","duration":4488.5526,"failureMessages":[],"meta":{},"tags":[]},{"ancestorTitles":[],"fullName":"GET /daily-logs - unauthenticated returns 401","status":"passed","title":"GET /daily-logs - unauthenticated returns 401","duration":3759.8960000000006,"failureMessages":[],"meta":{},"tags":[]},{"ancestorTitles":[],"fullName":"GET /daily-logs - filter by machineId returns only that machine logs","status":"passed","title":"GET /daily-logs - filter by machineId returns only that machine logs","duration":4025.6787000000004,"failureMessages":[],"meta":{},"tags":[]},{"ancestorTitles":[],"fullName":"POST /daily-logs - engineer can create a daily log","status":"passed","title":"POST /daily-logs - engineer can create a daily log","duration":5311.3876,"failureMessages":[],"meta":{},"tags":[]},{"ancestorTitles":[],"fullName":"POST /daily-logs - customer cannot create a daily log (403)","status":"passed","title":"POST /daily-logs - customer cannot create a daily log (403)","duration":5423.8122,"failureMessages":[],"meta":{},"tags":[]},{"ancestorTitles":[],"fullName":"POST /daily-logs - missing required field returns 400","status":"passed","title":"POST /daily-logs - missing required field returns 400","duration":5827.551100000001,"failureMessages":[],"meta":{},"tags":[]}],"startTime":1773646286788,"endTime":1773646315627.551,"status":"passed","message":"","name":"D:/Hackathon web app/server/src/__tests__/dailyLogs.test.ts"},{"assertionResults":[{"ancestorTitles":[],"fullName":"GET /machine-history/:id - returns history entries ordered by created_at desc","status":"passed","title":"GET /machine-history/:id - returns history entries ordered by created_at desc","duration":6108.964599999999,"failureMessages":[],"meta":{},"tags":[]},{"ancestorTitles":[],"fullName":"GET /machine-history/:id - returns empty array for machine with no history","status":"passed","title":"GET /machine-history/:id - returns empty array for machine with no history","duration":3323.6661000000004,"failureMessages":[],"meta":{},"tags":[]},{"ancestorTitles":[],"fullName":"GET /machine-history/:id - unauthenticated returns 401","status":"passed","title":"GET /machine-history/:id - unauthenticated returns 401","duration":2688.692500000001,"failureMessages":[],"meta":{},"tags":[]}],"startTime":1773646402098,"endTime":1773646414219.6924,"status":"passed","message":"","name":"D:/Hackathon web app/server/src/__tests__/machineHistory.test.ts"},{"assertionResults":[{"ancestorTitles":[],"fullName":"GET /machines - admin sees all machines","status":"passed","title":"GET /machines - admin sees all machines","duration":5115.046400000001,"failureMessages":[],"meta":{},"tags":[]},{"ancestorTitles":[],"fullName":"GET /machines - customer sees only their machines","status":"passed","title":"GET /machines - customer sees only their machines","duration":3571.4912000000004,"failureMessages":[],"meta":{},"tags":[]},{"ancestorTitles":[],"fullName":"GET /machines - unauthenticated returns 401","status":"passed","title":"GET /machines - unauthenticated returns 401","duration":3849.0656,"failureMessages":[],"meta":{},"tags":[]},{"ancestorTitles":[],"fullName":"GET /machines - filter by status returns matching machines","status":"passed","title":"GET /machines - filter by status returns matching machines","duration":4798.115300000001,"failureMessages":[],"meta":{},"tags":[]},{"ancestorTitles":[],"fullName":"GET /machines/stats - returns status counts","status":"passed","title":"GET /machines/stats - returns status counts","duration":4982.016599999999,"failureMessages":[],"meta":{},"tags":[]},{"ancestorTitles":[],"fullName":"GET /machines/:id - returns machine with relations","status":"passed","title":"GET /machines/:id - returns machine with relations","duration":4611.606200000002,"failureMessages":[],"meta":{},"tags":[]},{"ancestorTitles":[],"fullName":"GET /machines/:id - non-existent machine returns 404","status":"passed","title":"GET /machines/:id - non-existent machine returns 404","duration":4436.943900000002,"failureMessages":[],"meta":{},"tags":[]},{"ancestorTitles":[],"fullName":"PATCH /machines/:id/status - engineer can update status","status":"passed","title":"PATCH /machines/:id/status - engineer can update status","duration":3787.0221999999994,"failureMessages":[],"meta":{},"tags":[]},{"ancestorTitles":[],"fullName":"PATCH /machines/:id/status - customer cannot update status (403)","status":"passed","title":"PATCH /machines/:id/status - customer cannot update status (403)","duration":3935.304100000001,"failureMessages":[],"meta":{},"tags":[]},{"ancestorTitles":[],"fullName":"PATCH /machines/:id/status - invalid status returns 400","status":"passed","title":"PATCH /machines/:id/status - invalid status returns 400","duration":4110.307200000003,"failureMessages":[],"meta":{},"tags":[]}],"startTime":1773646201213,"endTime":1773646244413.3071,"status":"passed","message":"","name":"D:/Hackathon web app/server/src/__tests__/machines.test.ts"},{"assertionResults":[{"ancestorTitles":[],"fullName":"GET /site-visits - engineer sees only their own visits","status":"passed","title":"GET /site-visits - engineer sees only their own visits","duration":7888.1086000000005,"failureMessages":[],"meta":{},"tags":[]},{"ancestorTitles":[],"fullName":"GET /site-visits - admin sees all visits","status":"passed","title":"GET /site-visits - admin sees all visits","duration":6502.144599999998,"failureMessages":[],"meta":{},"tags":[]},{"ancestorTitles":[],"fullName":"GET /site-visits - unauthenticated returns 401","status":"passed","title":"GET /site-visits - unauthenticated returns 401","duration":7030.679,"failureMessages":[],"meta":{},"tags":[]},{"ancestorTitles":[],"fullName":"POST /site-visits - engineer can create a site visit","status":"passed","title":"POST /site-visits - engineer can create a site visit","duration":5272.421999999999,"failureMessages":[],"meta":{},"tags":[]},{"ancestorTitles":[],"fullName":"POST /site-visits - customer cannot create a site visit (403)","status":"passed","title":"POST /site-visits - customer cannot create a site visit (403)","duration":5682.404199999997,"failureMessages":[],"meta":{},"tags":[]}],"startTime":1773646319367,"endTime":1773646351743.4043,"status":"passed","message":"","name":"D:/Hackathon web app/server/src/__tests__/siteVisits.test.ts"},{"assertionResults":[{"ancestorTitles":[],"fullName":"GET /tickets - admin sees all tickets","status":"passed","title":"GET /tickets - admin sees all tickets","duration":3280.34,"failureMessages":[],"meta":{},"tags":[]},{"ancestorTitles":[],"fullName":"GET /tickets - customer sees their raised tickets","status":"passed","title":"GET /tickets - customer sees their raised tickets","duration":3474.557500000001,"failureMessages":[],"meta":{},"tags":[]},{"ancestorTitles":[],"fullName":"GET /tickets - engineer sees their assigned tickets","status":"passed","title":"GET /tickets - engineer sees their assigned tickets","duration":4826.676299999999,"failureMessages":[],"meta":{},"tags":[]},{"ancestorTitles":[],"fullName":"GET /tickets - unauthenticated returns 401","status":"passed","title":"GET /tickets - unauthenticated returns 401","duration":5561.011499999999,"failureMessages":[],"meta":{},"tags":[]},{"ancestorTitles":[],"fullName":"GET /tickets/stats - returns open count and bySeverity","status":"passed","title":"GET /tickets/stats - returns open count and bySeverity","duration":4239.7925,"failureMessages":[],"meta":{},"tags":[]},{"ancestorTitles":[],"fullName":"GET /tickets/:id - returns ticket with comments and machine","status":"passed","title":"GET /tickets/:id - returns ticket with comments and machine","duration":4315.3442,"failureMessages":[],"meta":{},"tags":[]},{"ancestorTitles":[],"fullName":"GET /tickets/:id - non-existent ticket returns 404","status":"passed","title":"GET /tickets/:id - non-existent ticket returns 404","duration":3897.4375,"failureMessages":[],"meta":{},"tags":[]},{"ancestorTitles":[],"fullName":"POST /tickets - creates a ticket with correct fields","status":"passed","title":"POST /tickets - creates a ticket with correct fields","duration":4410.66,"failureMessages":[],"meta":{},"tags":[]},{"ancestorTitles":[],"fullName":"PATCH /tickets/:id/status - engineer can update status to in_progress","status":"passed","title":"PATCH /tickets/:id/status - engineer can update status to in_progress","duration":3812.6891000000032,"failureMessages":[],"meta":{},"tags":[]},{"ancestorTitles":[],"fullName":"PATCH /tickets/:id/status - reopened increments reopen_count and sets reopened_at","status":"passed","title":"PATCH /tickets/:id/status - reopened increments reopen_count and sets reopened_at","duration":4605.340200000006,"failureMessages":[],"meta":{},"tags":[]},{"ancestorTitles":[],"fullName":"PATCH /tickets/:id/status - customer cannot update status (403)","status":"passed","title":"PATCH /tickets/:id/status - customer cannot update status (403)","duration":4041.7844999999943,"failureMessages":[],"meta":{},"tags":[]},{"ancestorTitles":[],"fullName":"PATCH /tickets/:id/resolve - sets resolved fields","status":"passed","title":"PATCH /tickets/:id/resolve - sets resolved fields","duration":6047.301800000001,"failureMessages":[],"meta":{},"tags":[]},{"ancestorTitles":[],"fullName":"PATCH /tickets/:id/resolve - customer cannot resolve ticket (403)","status":"passed","title":"PATCH /tickets/:id/resolve - customer cannot resolve ticket (403)","duration":4301.386599999998,"failureMessages":[],"meta":{},"tags":[]},{"ancestorTitles":[],"fullName":"POST /tickets/:id/comments - adds a comment to the ticket","status":"passed","title":"POST /tickets/:id/comments - adds a comment to the ticket","duration":4297.320299999999,"failureMessages":[],"meta":{},"tags":[]}],"startTime":1773646136102,"endTime":1773646197224.3203,"status":"passed","message":"","name":"D:/Hackathon web app/server/src/__tests__/tickets.test.ts"},{"assertionResults":[{"ancestorTitles":[],"fullName":"GET /users - admin can list all users, response excludes password_hash","status":"passed","title":"GET /users - admin can list all users, response excludes password_hash","duration":4590.560299999999,"failureMessages":[],"meta":{},"tags":[]},{"ancestorTitles":[],"fullName":"GET /users - engineer is forbidden (403)","status":"passed","title":"GET /users - engineer is forbidden (403)","duration":4912.0182,"failureMessages":[],"meta":{},"tags":[]},{"ancestorTitles":[],"fullName":"GET /users - unauthenticated returns 401","status":"passed","title":"GET /users - unauthenticated returns 401","duration":5685.8514,"failureMessages":[],"meta":{},"tags":[]},{"ancestorTitles":[],"fullName":"GET /users/:id - admin can get a user by ID","status":"passed","title":"GET /users/:id - admin can get a user by ID","duration":4280.860400000001,"failureMessages":[],"meta":{},"tags":[]},{"ancestorTitles":[],"fullName":"GET /users/:id - engineer is forbidden (403)","status":"passed","title":"GET /users/:id - engineer is forbidden (403)","duration":5142.687999999998,"failureMessages":[],"meta":{},"tags":[]},{"ancestorTitles":[],"fullName":"GET /users/:id - non-existent user returns 404","status":"passed","title":"GET /users/:id - non-existent user returns 404","duration":4490.533200000002,"failureMessages":[],"meta":{},"tags":[]},{"ancestorTitles":[],"fullName":"PATCH /users/:id/active - admin can toggle user is_active","status":"passed","title":"PATCH /users/:id/active - admin can toggle user is_active","duration":4043.0952000000034,"failureMessages":[],"meta":{},"tags":[]},{"ancestorTitles":[],"fullName":"PATCH /users/:id/active - engineer is forbidden (403)","status":"passed","title":"PATCH /users/:id/active - engineer is forbidden (403)","duration":3230.1619999999966,"failureMessages":[],"meta":{},"tags":[]}],"startTime":1773646247425,"endTime":1773646283816.162,"status":"passed","message":"","name":"D:/Hackathon web app/server/src/__tests__/users.test.ts"}]}